<?xml version="1.0" encoding="UTF-8"?>
<testsuites>
  <testsuite name="fastlane.lanes">
    
    
    
      
      <testcase classname="fastlane.lanes" name="00: import_from_git" time="5.270418">
        
      </testcase>
    
      
      <testcase classname="fastlane.lanes" name="01: git_pull" time="11.623952">
        
      </testcase>
    
      
      <testcase classname="fastlane.lanes" name="02: ensure_git_branch" time="0.020713">
        
      </testcase>
    
      
      <testcase classname="fastlane.lanes" name="03: version_bump_podspec" time="0.002987">
        
      </testcase>
    
      
      <testcase classname="fastlane.lanes" name="04: git_add" time="0.032501">
        
      </testcase>
    
      
      <testcase classname="fastlane.lanes" name="05: git_commit" time="0.083128">
        
      </testcase>
    
      
      <testcase classname="fastlane.lanes" name="06: push_to_git_remote" time="17.412519">
        
      </testcase>
    
      
      <testcase classname="fastlane.lanes" name="07: git_tag_exists" time="0.015663">
        
      </testcase>
    
      
      <testcase classname="fastlane.lanes" name="08: add_git_tag" time="0.025265">
        
      </testcase>
    
      
      <testcase classname="fastlane.lanes" name="09: push_git_tags" time="10.465567">
        
      </testcase>
    
      
      <testcase classname="fastlane.lanes" name="10: pod_push" time="451.464903">
        
          <failure message="/usr/local/lib/ruby/gems/2.5.0/gems/fastlane-2.107.0/fastlane/lib/fastlane/actions/actions_helper.rb:48:in `execute_action'&#10;/usr/local/lib/ruby/gems/2.5.0/gems/fastlane-2.107.0/fastlane/lib/fastlane/runner.rb:232:in `block in execute_action'&#10;/usr/local/lib/ruby/gems/2.5.0/gems/fastlane-2.107.0/fastlane/lib/fastlane/runner.rb:227:in `chdir'&#10;/usr/local/lib/ruby/gems/2.5.0/gems/fastlane-2.107.0/fastlane/lib/fastlane/runner.rb:227:in `execute_action'&#10;/usr/local/lib/ruby/gems/2.5.0/gems/fastlane-2.107.0/fastlane/lib/fastlane/runner.rb:157:in `trigger_action_by_name'&#10;/usr/local/lib/ruby/gems/2.5.0/gems/fastlane-2.107.0/fastlane/lib/fastlane/fast_file.rb:149:in `method_missing'&#10;../../../../../../../var/folders/cf/55wtc_bj5wq7w4k9t5wz5s180000gn/T/fl_clone20200212-26755-zse11u/fastlane-files/fastlane/Fastfile:27:in `block in parsing_binding'&#10;/usr/local/lib/ruby/gems/2.5.0/gems/fastlane-2.107.0/fastlane/lib/fastlane/lane.rb:33:in `call'&#10;/usr/local/lib/ruby/gems/2.5.0/gems/fastlane-2.107.0/fastlane/lib/fastlane/runner.rb:49:in `block in execute'&#10;/usr/local/lib/ruby/gems/2.5.0/gems/fastlane-2.107.0/fastlane/lib/fastlane/runner.rb:45:in `chdir'&#10;/usr/local/lib/ruby/gems/2.5.0/gems/fastlane-2.107.0/fastlane/lib/fastlane/runner.rb:45:in `execute'&#10;/usr/local/lib/ruby/gems/2.5.0/gems/fastlane-2.107.0/fastlane/lib/fastlane/lane_manager.rb:56:in `cruise_lane'&#10;/usr/local/lib/ruby/gems/2.5.0/gems/fastlane-2.107.0/fastlane/lib/fastlane/command_line_handler.rb:36:in `handle'&#10;/usr/local/lib/ruby/gems/2.5.0/gems/fastlane-2.107.0/fastlane/lib/fastlane/commands_generator.rb:108:in `block (2 levels) in run'&#10;/usr/local/lib/ruby/gems/2.5.0/gems/commander-fastlane-4.4.6/lib/commander/command.rb:178:in `call'&#10;/usr/local/lib/ruby/gems/2.5.0/gems/commander-fastlane-4.4.6/lib/commander/command.rb:153:in `run'&#10;/usr/local/lib/ruby/gems/2.5.0/gems/commander-fastlane-4.4.6/lib/commander/runner.rb:476:in `run_active_command'&#10;/usr/local/lib/ruby/gems/2.5.0/gems/fastlane-2.107.0/fastlane_core/lib/fastlane_core/ui/fastlane_runner.rb:76:in `run!'&#10;/usr/local/lib/ruby/gems/2.5.0/gems/commander-fastlane-4.4.6/lib/commander/delegates.rb:15:in `run!'&#10;/usr/local/lib/ruby/gems/2.5.0/gems/fastlane-2.107.0/fastlane/lib/fastlane/commands_generator.rb:333:in `run'&#10;/usr/local/lib/ruby/gems/2.5.0/gems/fastlane-2.107.0/fastlane/lib/fastlane/commands_generator.rb:41:in `start'&#10;/usr/local/lib/ruby/gems/2.5.0/gems/fastlane-2.107.0/fastlane/lib/fastlane/cli_tools_distributor.rb:108:in `take_off'&#10;/usr/local/lib/ruby/gems/2.5.0/gems/fastlane-2.107.0/bin/fastlane:23:in `&lt;top (required)&gt;'&#10;/usr/local/bin/fastlane:23:in `load'&#10;/usr/local/bin/fastlane:23:in `&lt;main&gt;'&#10;&#10;Exit status of command 'pod trunk push 'XTBase.podspec' --allow-warnings --use-libraries' was 1 instead of 0.&#10;Updating spec repo `trunk`&#10;&#10;CocoaPods 1.9.0.beta.3 is available.&#10;To update use: `sudo gem install cocoapods --pre`&#10;[!] This is a test version we'd love you to try.&#10;&#10;For more information, see https://blog.cocoapods.org and the CHANGELOG for this version at https://github.com/CocoaPods/CocoaPods/releases/tag/1.9.0.beta.3&#10;&#10;Validating podspec&#10; -&gt; XTBase -&gt; XTBase (1.4.1)&#10;    - ERROR | [iOS] unknown: Encountered an unknown error (/usr/bin/xcrun simctl list -j devices&#10;&#10;xcrun: error: unable to find utility &quot;simctl&quot;, not a developer tool or in PATH&#10;) during validation.&#10;&#10;[!] The spec did not pass validation, due to 1 error.&#10;" />
        
      </testcase>
    
  </testsuite>
</testsuites>
